<?xml version="1.0" encoding="UTF-8"?>
<!-- Generated by org.testng.reporters.JUnitXMLReporter -->
<testsuite ignored="0" hostname="MacBook-Pro16" failures="1" tests="3" name="Test" time="3.055" errors="0" timestamp="2024-08-28T14:02:29 EDT">
  <testcase classname="api.Tests.userTests" name="postTest" time="2.096"/>
  <testcase classname="api.Tests.userTests" name="getTest" time="0.123">
    <failure type="java.lang.AssertionError" message="expected [200] but found [404]">
      <![CDATA[java.lang.AssertionError: expected [200] but found [404]
at api.Tests.userTests.getTest(userTests.java:63)
at java.base/java.util.ArrayList.forEach(ArrayList.java:1507)
... Removed 34 stack frames]]>
    </failure>
  </testcase> <!-- getTest -->
  <testcase classname="api.Tests.userTests" name="putTest" time="0.089"/>
</testsuite> <!-- Test -->
